==1672== Helgrind, a thread error detector
==1672== Copyright (C) 2007-2017, and GNU GPL'd, by OpenWorks LLP et al.
==1672== Using Valgrind-3.22.0 and LibVEX; rerun with -h for copyright info
==1672== Command: ./philo 3 200 200 200
==1672== Parent PID: 1
==1672== 
==1672== ---Thread-Announcement------------------------------------------
==1672== 
==1672== Thread #5 was created
==1672==    at 0x49BB7B7: clone (clone.S:62)
==1672==    by 0x49554C7: create_thread (pthread_create.c:297)
==1672==    by 0x4955F97: pthread_create@@GLIBC_2.34 (pthread_create.c:836)
==1672==    by 0x48929BB: ??? (in /usr/libexec/valgrind/vgpreload_helgrind-arm64-linux.so)
==1672==    by 0x10A82B: init_checker (thread_checker_init.c:26)
==1672==    by 0x10A74F: philo_handler (philo_handler.c:25)
==1672==    by 0x108CCB: main (main.c:26)
==1672== 
==1672== ----------------------------------------------------------------
==1672== 
==1672== Thread #5: Exiting thread still holds 1 lock
==1672==    at 0x49558C0: start_thread (pthread_create.c:598)
==1672==    by 0x49BB7DB: thread_start (clone.S:79)
==1672== 
==1672== ---Thread-Announcement------------------------------------------
==1672== 
==1672== Thread #1 is the program's root thread
==1672== 
==1672== ----------------------------------------------------------------
==1672== 
==1672== Thread #1 unlocked lock at 0x1FFF000A70 currently held by thread #5
==1672==    at 0x4890014: ??? (in /usr/libexec/valgrind/vgpreload_helgrind-arm64-linux.so)
==1672==    by 0x108ED7: exit_program (exit_program.c:59)
==1672==    by 0x108CEB: main (main.c:29)
==1672==  Lock at 0x1FFF000A70 was first observed
==1672==    at 0x4894560: pthread_mutex_init (in /usr/libexec/valgrind/vgpreload_helgrind-arm64-linux.so)
==1672==    by 0x108D87: init_struct (init.c:23)
==1672==    by 0x108CA3: main (main.c:22)
==1672==  Address 0x1fff000a70 is on thread #1's stack
==1672==  in frame #2, created by main (main.c:16)
==1672== 
==1672== 
==1672== ----------------------------------------------------------------
==1672== 
==1672== Thread #1: pthread_mutex_destroy of a locked mutex
==1672==    at 0x48940E8: ??? (in /usr/libexec/valgrind/vgpreload_helgrind-arm64-linux.so)
==1672==    by 0x108EE3: exit_program (exit_program.c:60)
==1672==    by 0x108CEB: main (main.c:29)
==1672== 
==1672== ----------------------------------------------------------------
==1672== 
==1672== Thread #1: pthread_mutex_destroy of a locked mutex
==1672==    at 0x48940E8: ??? (in /usr/libexec/valgrind/vgpreload_helgrind-arm64-linux.so)
==1672==    by 0x108F8B: exit_program (exit_program.c:67)
==1672==    by 0x108CEB: main (main.c:29)
==1672== 
==1672== ----------------------------------------------------------------
==1672== 
==1672== Thread #1's call to pthread_mutex_destroy failed
==1672==    with error code 16 (EBUSY: Device or resource busy)
==1672==    at 0x4894194: ??? (in /usr/libexec/valgrind/vgpreload_helgrind-arm64-linux.so)
==1672==    by 0x108F8B: exit_program (exit_program.c:67)
==1672==    by 0x108CEB: main (main.c:29)
==1672== 
==1672== 
==1672== Use --history-level=approx or =none to gain increased speed, at
==1672== the cost of reduced accuracy of conflicting-access information
==1672== For lists of detected and suppressed errors, rerun with: -s
==1672== ERROR SUMMARY: 7 errors from 5 contexts (suppressed: 27397 from 22)
