==2454962== Helgrind, a thread error detector
==2454962== Copyright (C) 2007-2017, and GNU GPL'd, by OpenWorks LLP et al.
==2454962== Using Valgrind-3.18.1 and LibVEX; rerun with -h for copyright info
==2454962== Command: ./philo 50 800 100 100 3
==2454962== Parent PID: 2452584
==2454962== 
==2454962== 
==2454962== Process terminating with default action of signal 2 (SIGINT)
==2454962==    at 0x490C117: __futex_abstimed_wait_common64 (futex-internal.c:57)
==2454962==    by 0x490C117: __futex_abstimed_wait_common (futex-internal.c:87)
==2454962==    by 0x490C117: __futex_abstimed_wait_cancelable64 (futex-internal.c:139)
==2454962==    by 0x4911623: __pthread_clockjoin_ex (pthread_join_common.c:105)
==2454962==    by 0x48508F5: ??? (in /usr/libexec/valgrind/vgpreload_helgrind-amd64-linux.so)
==2454962==    by 0x10A4EE: join_threads (threads_join.c:24)
==2454962==    by 0x109576: exit_program (exit_program.c:19)
==2454962==    by 0x1093FE: main (main.c:29)
==2454962== ---Thread-Announcement------------------------------------------
==2454962== 
==2454962== Thread #3 was created
==2454962==    at 0x49A09F3: clone (clone.S:76)
==2454962==    by 0x49A18EE: __clone_internal (clone-internal.c:83)
==2454962==    by 0x490F6D8: create_thread (pthread_create.c:295)
==2454962==    by 0x49101FF: pthread_create@@GLIBC_2.34 (pthread_create.c:828)
==2454962==    by 0x4853767: ??? (in /usr/libexec/valgrind/vgpreload_helgrind-amd64-linux.so)
==2454962==    by 0x10A278: init_threads (threads_creation.c:32)
==2454962==    by 0x109C52: philo_handler (philo_handler.c:23)
==2454962==    by 0x1093D9: main (main.c:26)
==2454962== 
==2454962== ----------------------------------------------------------------
==2454962== 
==2454962== Thread #3: Exiting thread still holds 1 lock
==2454962==    at 0x490C2C0: futex_wait (futex-internal.h:146)
==2454962==    by 0x490C2C0: __lll_lock_wait (lowlevellock.c:49)
==2454962==    by 0x4913001: lll_mutex_lock_optimized (pthread_mutex_lock.c:48)
==2454962==    by 0x4913001: pthread_mutex_lock@@GLIBC_2.2.5 (pthread_mutex_lock.c:93)
==2454962==    by 0x4850C66: ??? (in /usr/libexec/valgrind/vgpreload_helgrind-amd64-linux.so)
==2454962==    by 0x109B63: print_msg (philo_life.c:77)
==2454962==    by 0x109A72: lock_fork_msg (philo_life.c:60)
==2454962==    by 0x109969: action_eat (philo_life.c:44)
==2454962==    by 0x1098CA: philo_life (philo_life.c:30)
==2454962==    by 0x485396A: ??? (in /usr/libexec/valgrind/vgpreload_helgrind-amd64-linux.so)
==2454962==    by 0x490FAC2: start_thread (pthread_create.c:442)
==2454962==    by 0x49A0A03: clone (clone.S:100)
==2454962== 
==2454962== ---Thread-Announcement------------------------------------------
==2454962== 
==2454962== Thread #11 was created
==2454962==    at 0x49A09F3: clone (clone.S:76)
==2454962==    by 0x49A18EE: __clone_internal (clone-internal.c:83)
==2454962==    by 0x490F6D8: create_thread (pthread_create.c:295)
==2454962==    by 0x49101FF: pthread_create@@GLIBC_2.34 (pthread_create.c:828)
==2454962==    by 0x4853767: ??? (in /usr/libexec/valgrind/vgpreload_helgrind-amd64-linux.so)
==2454962==    by 0x10A278: init_threads (threads_creation.c:32)
==2454962==    by 0x109C52: philo_handler (philo_handler.c:23)
==2454962==    by 0x1093D9: main (main.c:26)
==2454962== 
==2454962== ----------------------------------------------------------------
==2454962== 
==2454962== Thread #11: Exiting thread still holds 1 lock
==2454962==    at 0x490C2C0: futex_wait (futex-internal.h:146)
==2454962==    by 0x490C2C0: __lll_lock_wait (lowlevellock.c:49)
==2454962==    by 0x4913001: lll_mutex_lock_optimized (pthread_mutex_lock.c:48)
==2454962==    by 0x4913001: pthread_mutex_lock@@GLIBC_2.2.5 (pthread_mutex_lock.c:93)
==2454962==    by 0x4850C66: ??? (in /usr/libexec/valgrind/vgpreload_helgrind-amd64-linux.so)
==2454962==    by 0x109B63: print_msg (philo_life.c:77)
==2454962==    by 0x109A72: lock_fork_msg (philo_life.c:60)
==2454962==    by 0x109969: action_eat (philo_life.c:44)
==2454962==    by 0x1098CA: philo_life (philo_life.c:30)
==2454962==    by 0x485396A: ??? (in /usr/libexec/valgrind/vgpreload_helgrind-amd64-linux.so)
==2454962==    by 0x490FAC2: start_thread (pthread_create.c:442)
==2454962==    by 0x49A0A03: clone (clone.S:100)
==2454962== 
==2454962== ---Thread-Announcement------------------------------------------
==2454962== 
==2454962== Thread #12 was created
==2454962==    at 0x49A09F3: clone (clone.S:76)
==2454962==    by 0x49A18EE: __clone_internal (clone-internal.c:83)
==2454962==    by 0x490F6D8: create_thread (pthread_create.c:295)
==2454962==    by 0x49101FF: pthread_create@@GLIBC_2.34 (pthread_create.c:828)
==2454962==    by 0x4853767: ??? (in /usr/libexec/valgrind/vgpreload_helgrind-amd64-linux.so)
==2454962==    by 0x10A278: init_threads (threads_creation.c:32)
==2454962==    by 0x109C52: philo_handler (philo_handler.c:23)
==2454962==    by 0x1093D9: main (main.c:26)
==2454962== 
==2454962== ----------------------------------------------------------------
==2454962== 
==2454962== Thread #12: Exiting thread still holds 2 locks
==2454962==    at 0x490C2C0: futex_wait (futex-internal.h:146)
==2454962==    by 0x490C2C0: __lll_lock_wait (lowlevellock.c:49)
==2454962==    by 0x4913001: lll_mutex_lock_optimized (pthread_mutex_lock.c:48)
==2454962==    by 0x4913001: pthread_mutex_lock@@GLIBC_2.2.5 (pthread_mutex_lock.c:93)
==2454962==    by 0x4850C66: ??? (in /usr/libexec/valgrind/vgpreload_helgrind-amd64-linux.so)
==2454962==    by 0x109B63: print_msg (philo_life.c:77)
==2454962==    by 0x109A9C: lock_fork_msg (philo_life.c:62)
==2454962==    by 0x109969: action_eat (philo_life.c:44)
==2454962==    by 0x1098CA: philo_life (philo_life.c:30)
==2454962==    by 0x485396A: ??? (in /usr/libexec/valgrind/vgpreload_helgrind-amd64-linux.so)
==2454962==    by 0x490FAC2: start_thread (pthread_create.c:442)
==2454962==    by 0x49A0A03: clone (clone.S:100)
==2454962== 
==2454962== ---Thread-Announcement------------------------------------------
==2454962== 
==2454962== Thread #9 was created
==2454962==    at 0x49A09F3: clone (clone.S:76)
==2454962==    by 0x49A18EE: __clone_internal (clone-internal.c:83)
==2454962==    by 0x490F6D8: create_thread (pthread_create.c:295)
==2454962==    by 0x49101FF: pthread_create@@GLIBC_2.34 (pthread_create.c:828)
==2454962==    by 0x4853767: ??? (in /usr/libexec/valgrind/vgpreload_helgrind-amd64-linux.so)
==2454962==    by 0x10A278: init_threads (threads_creation.c:32)
==2454962==    by 0x109C52: philo_handler (philo_handler.c:23)
==2454962==    by 0x1093D9: main (main.c:26)
==2454962== 
==2454962== ----------------------------------------------------------------
==2454962== 
==2454962== Thread #9: Exiting thread still holds 1 lock
==2454962==    at 0x490C2C0: futex_wait (futex-internal.h:146)
==2454962==    by 0x490C2C0: __lll_lock_wait (lowlevellock.c:49)
==2454962==    by 0x4913001: lll_mutex_lock_optimized (pthread_mutex_lock.c:48)
==2454962==    by 0x4913001: pthread_mutex_lock@@GLIBC_2.2.5 (pthread_mutex_lock.c:93)
==2454962==    by 0x4850C66: ??? (in /usr/libexec/valgrind/vgpreload_helgrind-amd64-linux.so)
==2454962==    by 0x109B63: print_msg (philo_life.c:77)
==2454962==    by 0x109A72: lock_fork_msg (philo_life.c:60)
==2454962==    by 0x109969: action_eat (philo_life.c:44)
==2454962==    by 0x1098CA: philo_life (philo_life.c:30)
==2454962==    by 0x485396A: ??? (in /usr/libexec/valgrind/vgpreload_helgrind-amd64-linux.so)
==2454962==    by 0x490FAC2: start_thread (pthread_create.c:442)
==2454962==    by 0x49A0A03: clone (clone.S:100)
==2454962== 
==2454962== ---Thread-Announcement------------------------------------------
==2454962== 
==2454962== Thread #14 was created
==2454962==    at 0x49A09F3: clone (clone.S:76)
==2454962==    by 0x49A18EE: __clone_internal (clone-internal.c:83)
==2454962==    by 0x490F6D8: create_thread (pthread_create.c:295)
==2454962==    by 0x49101FF: pthread_create@@GLIBC_2.34 (pthread_create.c:828)
==2454962==    by 0x4853767: ??? (in /usr/libexec/valgrind/vgpreload_helgrind-amd64-linux.so)
==2454962==    by 0x10A278: init_threads (threads_creation.c:32)
==2454962==    by 0x109C52: philo_handler (philo_handler.c:23)
==2454962==    by 0x1093D9: main (main.c:26)
==2454962== 
==2454962== ----------------------------------------------------------------
==2454962== 
==2454962== Thread #14: Exiting thread still holds 2 locks
==2454962==    at 0x490C2C0: futex_wait (futex-internal.h:146)
==2454962==    by 0x490C2C0: __lll_lock_wait (lowlevellock.c:49)
==2454962==    by 0x4913001: lll_mutex_lock_optimized (pthread_mutex_lock.c:48)
==2454962==    by 0x4913001: pthread_mutex_lock@@GLIBC_2.2.5 (pthread_mutex_lock.c:93)
==2454962==    by 0x4850C66: ??? (in /usr/libexec/valgrind/vgpreload_helgrind-amd64-linux.so)
==2454962==    by 0x109B63: print_msg (philo_life.c:77)
==2454962==    by 0x109A9C: lock_fork_msg (philo_life.c:62)
==2454962==    by 0x109969: action_eat (philo_life.c:44)
==2454962==    by 0x1098CA: philo_life (philo_life.c:30)
==2454962==    by 0x485396A: ??? (in /usr/libexec/valgrind/vgpreload_helgrind-amd64-linux.so)
==2454962==    by 0x490FAC2: start_thread (pthread_create.c:442)
==2454962==    by 0x49A0A03: clone (clone.S:100)
==2454962== 
==2454962== ---Thread-Announcement------------------------------------------
==2454962== 
==2454962== Thread #18 was created
==2454962==    at 0x49A09F3: clone (clone.S:76)
==2454962==    by 0x49A18EE: __clone_internal (clone-internal.c:83)
==2454962==    by 0x490F6D8: create_thread (pthread_create.c:295)
==2454962==    by 0x49101FF: pthread_create@@GLIBC_2.34 (pthread_create.c:828)
==2454962==    by 0x4853767: ??? (in /usr/libexec/valgrind/vgpreload_helgrind-amd64-linux.so)
==2454962==    by 0x10A278: init_threads (threads_creation.c:32)
==2454962==    by 0x109C52: philo_handler (philo_handler.c:23)
==2454962==    by 0x1093D9: main (main.c:26)
==2454962== 
==2454962== ----------------------------------------------------------------
==2454962== 
==2454962== Thread #18: Exiting thread still holds 1 lock
==2454962==    at 0x490C2C0: futex_wait (futex-internal.h:146)
==2454962==    by 0x490C2C0: __lll_lock_wait (lowlevellock.c:49)
==2454962==    by 0x4913001: lll_mutex_lock_optimized (pthread_mutex_lock.c:48)
==2454962==    by 0x4913001: pthread_mutex_lock@@GLIBC_2.2.5 (pthread_mutex_lock.c:93)
==2454962==    by 0x4850C66: ??? (in /usr/libexec/valgrind/vgpreload_helgrind-amd64-linux.so)
==2454962==    by 0x109B63: print_msg (philo_life.c:77)
==2454962==    by 0x109A72: lock_fork_msg (philo_life.c:60)
==2454962==    by 0x109969: action_eat (philo_life.c:44)
==2454962==    by 0x1098CA: philo_life (philo_life.c:30)
==2454962==    by 0x485396A: ??? (in /usr/libexec/valgrind/vgpreload_helgrind-amd64-linux.so)
==2454962==    by 0x490FAC2: start_thread (pthread_create.c:442)
==2454962==    by 0x49A0A03: clone (clone.S:100)
==2454962== 
==2454962== ---Thread-Announcement------------------------------------------
==2454962== 
==2454962== Thread #16 was created
==2454962==    at 0x49A09F3: clone (clone.S:76)
==2454962==    by 0x49A18EE: __clone_internal (clone-internal.c:83)
==2454962==    by 0x490F6D8: create_thread (pthread_create.c:295)
==2454962==    by 0x49101FF: pthread_create@@GLIBC_2.34 (pthread_create.c:828)
==2454962==    by 0x4853767: ??? (in /usr/libexec/valgrind/vgpreload_helgrind-amd64-linux.so)
==2454962==    by 0x10A278: init_threads (threads_creation.c:32)
==2454962==    by 0x109C52: philo_handler (philo_handler.c:23)
==2454962==    by 0x1093D9: main (main.c:26)
==2454962== 
==2454962== ----------------------------------------------------------------
==2454962== 
==2454962== Thread #16: Exiting thread still holds 1 lock
==2454962==    at 0x490C2C0: futex_wait (futex-internal.h:146)
==2454962==    by 0x490C2C0: __lll_lock_wait (lowlevellock.c:49)
==2454962==    by 0x4913001: lll_mutex_lock_optimized (pthread_mutex_lock.c:48)
==2454962==    by 0x4913001: pthread_mutex_lock@@GLIBC_2.2.5 (pthread_mutex_lock.c:93)
==2454962==    by 0x4850C66: ??? (in /usr/libexec/valgrind/vgpreload_helgrind-amd64-linux.so)
==2454962==    by 0x109B63: print_msg (philo_life.c:77)
==2454962==    by 0x109A72: lock_fork_msg (philo_life.c:60)
==2454962==    by 0x109969: action_eat (philo_life.c:44)
==2454962==    by 0x1098CA: philo_life (philo_life.c:30)
==2454962==    by 0x485396A: ??? (in /usr/libexec/valgrind/vgpreload_helgrind-amd64-linux.so)
==2454962==    by 0x490FAC2: start_thread (pthread_create.c:442)
==2454962==    by 0x49A0A03: clone (clone.S:100)
==2454962== 
==2454962== ---Thread-Announcement------------------------------------------
==2454962== 
==2454962== Thread #52 was created
==2454962==    at 0x49A09F3: clone (clone.S:76)
==2454962==    by 0x49A18EE: __clone_internal (clone-internal.c:83)
==2454962==    by 0x490F6D8: create_thread (pthread_create.c:295)
==2454962==    by 0x49101FF: pthread_create@@GLIBC_2.34 (pthread_create.c:828)
==2454962==    by 0x4853767: ??? (in /usr/libexec/valgrind/vgpreload_helgrind-amd64-linux.so)
==2454962==    by 0x109D04: init_checker (thread_checker_init.c:24)
==2454962==    by 0x109C6C: philo_handler (philo_handler.c:26)
==2454962==    by 0x1093D9: main (main.c:26)
==2454962== 
==2454962== ----------------------------------------------------------------
==2454962== 
==2454962== Thread #52: Exiting thread still holds 1 lock
==2454962==    at 0x49607F8: clock_nanosleep@@GLIBC_2.17 (clock_nanosleep.c:78)
==2454962==    by 0x4965676: nanosleep (nanosleep.c:25)
==2454962==    by 0x4996F2E: usleep (usleep.c:31)
==2454962==    by 0x109F62: is_dead (checker_life.c:66)
==2454962==    by 0x109DF9: checker_life (checker_life.c:36)
==2454962==    by 0x485396A: ??? (in /usr/libexec/valgrind/vgpreload_helgrind-amd64-linux.so)
==2454962==    by 0x490FAC2: start_thread (pthread_create.c:442)
==2454962==    by 0x49A0A03: clone (clone.S:100)
==2454962== 
==2454962== ---Thread-Announcement------------------------------------------
==2454962== 
==2454962== Thread #48 was created
==2454962==    at 0x49A09F3: clone (clone.S:76)
==2454962==    by 0x49A18EE: __clone_internal (clone-internal.c:83)
==2454962==    by 0x490F6D8: create_thread (pthread_create.c:295)
==2454962==    by 0x49101FF: pthread_create@@GLIBC_2.34 (pthread_create.c:828)
==2454962==    by 0x4853767: ??? (in /usr/libexec/valgrind/vgpreload_helgrind-amd64-linux.so)
==2454962==    by 0x10A278: init_threads (threads_creation.c:32)
==2454962==    by 0x109C52: philo_handler (philo_handler.c:23)
==2454962==    by 0x1093D9: main (main.c:26)
==2454962== 
==2454962== ----------------------------------------------------------------
==2454962== 
==2454962== Thread #48: Exiting thread still holds 2 locks
==2454962==    at 0x490C2C0: futex_wait (futex-internal.h:146)
==2454962==    by 0x490C2C0: __lll_lock_wait (lowlevellock.c:49)
==2454962==    by 0x4913001: lll_mutex_lock_optimized (pthread_mutex_lock.c:48)
==2454962==    by 0x4913001: pthread_mutex_lock@@GLIBC_2.2.5 (pthread_mutex_lock.c:93)
==2454962==    by 0x4850C66: ??? (in /usr/libexec/valgrind/vgpreload_helgrind-amd64-linux.so)
==2454962==    by 0x109B63: print_msg (philo_life.c:77)
==2454962==    by 0x109A9C: lock_fork_msg (philo_life.c:62)
==2454962==    by 0x109969: action_eat (philo_life.c:44)
==2454962==    by 0x1098CA: philo_life (philo_life.c:30)
==2454962==    by 0x485396A: ??? (in /usr/libexec/valgrind/vgpreload_helgrind-amd64-linux.so)
==2454962==    by 0x490FAC2: start_thread (pthread_create.c:442)
==2454962==    by 0x49A0A03: clone (clone.S:100)
==2454962== 
==2454962== 
==2454962== Use --history-level=approx or =none to gain increased speed, at
==2454962== the cost of reduced accuracy of conflicting-access information
==2454962== For lists of detected and suppressed errors, rerun with: -s
==2454962== ERROR SUMMARY: 9 errors from 9 contexts (suppressed: 120153 from 108)
